0 info it worked if it ends with ok
1 verbose cli [ '/usr/bin/node', '/usr/bin/npm', 'v' ]
2 info using npm@3.5.2
3 info using node@v8.10.0
4 silly mapToRegistry name hardoniad
5 silly mapToRegistry using default registry
6 silly mapToRegistry registry https://registry.npmjs.org/
7 silly mapToRegistry uri https://registry.npmjs.org/hardoniad
8 verbose request uri https://registry.npmjs.org/hardoniad
9 verbose request no auth needed
10 info attempt registry request try #1 at 6:34:01 PM
11 verbose request id 0951692b0b5e44da
12 http request GET https://registry.npmjs.org/hardoniad
13 http 404 https://registry.npmjs.org/hardoniad
14 verbose headers { date: 'Sat, 01 Sep 2018 16:34:02 GMT',
14 verbose headers   'content-type': 'application/json',
14 verbose headers   'content-length': '21',
14 verbose headers   connection: 'keep-alive',
14 verbose headers   'set-cookie':
14 verbose headers    [ '__cfduid=da58de35f8fa33a6ace6606610b4c63611535819641; expires=Sun, 01-Sep-19 16:34:01 GMT; path=/; domain=.registry.npmjs.org; HttpOnly' ],
14 verbose headers   'cf-cache-status': 'MISS',
14 verbose headers   'cache-control': 'max-age=300',
14 verbose headers   'cf-ray': '453924589f916908-CDG',
14 verbose headers   'expect-ct': 'max-age=604800, report-uri="https://report-uri.cloudflare.com/cdn-cgi/beacon/expect-ct"',
14 verbose headers   vary: 'accept-encoding, accept',
14 verbose headers   server: 'cloudflare' }
15 silly get cb [ 404,
15 silly get   { date: 'Sat, 01 Sep 2018 16:34:02 GMT',
15 silly get     'content-type': 'application/json',
15 silly get     'content-length': '21',
15 silly get     connection: 'keep-alive',
15 silly get     'set-cookie':
15 silly get      [ '__cfduid=da58de35f8fa33a6ace6606610b4c63611535819641; expires=Sun, 01-Sep-19 16:34:01 GMT; path=/; domain=.registry.npmjs.org; HttpOnly' ],
15 silly get     'cf-cache-status': 'MISS',
15 silly get     'cache-control': 'max-age=300',
15 silly get     'cf-ray': '453924589f916908-CDG',
15 silly get     'expect-ct': 'max-age=604800, report-uri="https://report-uri.cloudflare.com/cdn-cgi/beacon/expect-ct"',
15 silly get     vary: 'accept-encoding, accept',
15 silly get     server: 'cloudflare' } ]
16 verbose stack Error: Not found : hardoniad
16 verbose stack     at makeError (/usr/share/npm/node_modules/npm-registry-client/lib/request.js:264:12)
16 verbose stack     at CachingRegistryClient.<anonymous> (/usr/share/npm/node_modules/npm-registry-client/lib/request.js:252:14)
16 verbose stack     at Request._callback (/usr/share/npm/node_modules/npm-registry-client/lib/request.js:172:14)
16 verbose stack     at Request.self.callback (/usr/share/npm/node_modules/request/request.js:198:22)
16 verbose stack     at emitTwo (events.js:126:13)
16 verbose stack     at Request.emit (events.js:214:7)
16 verbose stack     at Request.<anonymous> (/usr/share/npm/node_modules/request/request.js:1082:10)
16 verbose stack     at emitOne (events.js:121:20)
16 verbose stack     at Request.emit (events.js:211:7)
16 verbose stack     at IncomingMessage.<anonymous> (/usr/share/npm/node_modules/request/request.js:1009:12)
17 verbose statusCode 404
18 verbose pkgid hardoniad
19 verbose cwd /home/enevevet/Documents/HardoniAd
20 error Linux 4.15.0-33-generic
21 error argv "/usr/bin/node" "/usr/bin/npm" "v"
22 error node v8.10.0
23 error npm  v3.5.2
24 error code E404
25 error 404 Not found : hardoniad
26 error 404
27 error 404 'hardoniad' is not in the npm registry.
28 error 404 You should bug the author to publish it (or use the name yourself!)
29 error 404 Note that you can also install from a
30 error 404 tarball, folder, http url, or git url.
31 verbose exit [ 1, true ]
